|   out    |
| 00000000 |
| 00000001 |
| 00000001 |
| 00000011 |
| 00000011 |
| 00000111 |
| 00000111 |
| 00001111 |
| 00001111 |
| 00011110 |
| 00011110 |
| 00111101 |
| 00111101 |
| 01111010 |
| 01111010 |
| 11110100 |
| 11110100 |
| 11101000 |
| 11101000 |
| 11010000 |
| 11010000 |
| 10100001 |
| 10100001 |
| 01000011 |
| 01000011 |
| 10000111 |
| 10000111 |
| 00001110 |
| 00001110 |
| 00011100 |
| 00011100 |
| 00111001 |
| 00111001 |
| 01110010 |
| 01110010 |
| 11100101 |
| 11100101 |
| 11001011 |
| 11001011 |
| 10010111 |
| 10010111 |
| 00101111 |
| 00101111 |
| 01011111 |
| 01011111 |
| 10111111 |
| 10111111 |
| 01111111 |
| 01111111 |
| 11111110 |
| 11111110 |
| 11111101 |
| 11111101 |
| 11111011 |
| 11111011 |
| 11110111 |
| 11110111 |
| 11101110 |
| 11101110 |
| 11011100 |
| 11011100 |
| 10111000 |
| 10111000 |
| 01110001 |
| 01110001 |
| 11100011 |
| 11100011 |
| 11000111 |
| 11000111 |
| 10001110 |
| 10001110 |
| 00011101 |
